<?xml version="1.0" encoding="UTF-8"?>
<testsuite xmlns:xsi="http://www.w3.org/2001/XMLSchema-instance" xsi:noNamespaceSchemaLocation="https://maven.apache.org/surefire/maven-surefire-plugin/xsd/surefire-test-report.xsd" name="com.test.fn.MySqlFunctionTest" time="6.291" tests="1" errors="0" skipped="0" failures="0">
  <properties>
    <property name="sun.desktop" value="windows"/>
    <property name="awt.toolkit" value="sun.awt.windows.WToolkit"/>
    <property name="file.encoding.pkg" value="sun.io"/>
    <property name="java.specification.version" value="1.8"/>
    <property name="sun.cpu.isalist" value="amd64"/>
    <property name="sun.jnu.encoding" value="Cp1252"/>
    <property name="java.class.path" value="C:\Users\absamal\.m2\repository\org\apache\maven\surefire\surefire-booter\2.22.1\surefire-booter-2.22.1.jar;C:\Users\absamal\.m2\repository\org\apache\maven\surefire\surefire-api\2.22.1\surefire-api-2.22.1.jar;C:\Users\absamal\.m2\repository\org\apache\maven\surefire\surefire-logger-api\2.22.1\surefire-logger-api-2.22.1.jar;D:\Work\Abhilash\github\function-mysqlwrapper-fdk\target\test-classes;D:\Work\Abhilash\github\function-mysqlwrapper-fdk\target\classes;C:\Users\absamal\.m2\repository\mysql\mysql-connector-java\8.0.29\mysql-connector-java-8.0.29.jar;C:\Users\absamal\.m2\repository\com\google\protobuf\protobuf-java\3.19.4\protobuf-java-3.19.4.jar;C:\Users\absamal\.m2\repository\com\fnproject\fn\api\1.0.118\api-1.0.118.jar;C:\Users\absamal\.m2\repository\com\fnproject\fn\testing-core\1.0.118\testing-core-1.0.118.jar;C:\Users\absamal\.m2\repository\com\fnproject\fn\runtime\1.0.118\runtime-1.0.118.jar;C:\Users\absamal\.m2\repository\org\apache\httpcomponents\httpcore\4.4.13\httpcore-4.4.13.jar;C:\Users\absamal\.m2\repository\commons-io\commons-io\2.6\commons-io-2.6.jar;C:\Users\absamal\.m2\repository\net\jodah\typetools\0.6.2\typetools-0.6.2.jar;C:\Users\absamal\.m2\repository\com\fnproject\fn\testing-junit4\1.0.118\testing-junit4-1.0.118.jar;C:\Users\absamal\.m2\repository\junit\junit\4.12\junit-4.12.jar;C:\Users\absamal\.m2\repository\org\hamcrest\hamcrest-core\1.3\hamcrest-core-1.3.jar;C:\Users\absamal\.m2\repository\com\fasterxml\jackson\core\jackson-databind\2.12.2\jackson-databind-2.12.2.jar;C:\Users\absamal\.m2\repository\com\fasterxml\jackson\core\jackson-annotations\2.12.2\jackson-annotations-2.12.2.jar;C:\Users\absamal\.m2\repository\com\fasterxml\jackson\core\jackson-core\2.12.2\jackson-core-2.12.2.jar;C:\Users\absamal\.m2\repository\org\apache\maven\surefire\surefire-junit4\2.22.1\surefire-junit4-2.22.1.jar"/>
    <property name="java.vm.vendor" value="Oracle Corporation"/>
    <property name="sun.arch.data.model" value="64"/>
    <property name="user.variant" value=""/>
    <property name="java.vendor.url" value="http://java.oracle.com/"/>
    <property name="user.timezone" value="Asia/Calcutta"/>
    <property name="java.vm.specification.version" value="1.8"/>
    <property name="os.name" value="Windows 10"/>
    <property name="user.country" value="IN"/>
    <property name="sun.java.launcher" value="SUN_STANDARD"/>
    <property name="sun.boot.library.path" value="D:\Utils\java\jdk1.8.0_281\jre\bin"/>
    <property name="sun.java.command" value="org.apache.maven.surefire.booter.ForkedBooter C:\Users\absamal\AppData\Local\Temp\surefire6434980899611429821 2022-07-03T16-59-11_582-jvmRun1 surefire3561713740368338596tmp surefire_08806234576984504430tmp"/>
    <property name="surefire.test.class.path" value="D:\Work\Abhilash\github\function-mysqlwrapper-fdk\target\test-classes;D:\Work\Abhilash\github\function-mysqlwrapper-fdk\target\classes;C:\Users\absamal\.m2\repository\mysql\mysql-connector-java\8.0.29\mysql-connector-java-8.0.29.jar;C:\Users\absamal\.m2\repository\com\google\protobuf\protobuf-java\3.19.4\protobuf-java-3.19.4.jar;C:\Users\absamal\.m2\repository\com\fnproject\fn\api\1.0.118\api-1.0.118.jar;C:\Users\absamal\.m2\repository\com\fnproject\fn\testing-core\1.0.118\testing-core-1.0.118.jar;C:\Users\absamal\.m2\repository\com\fnproject\fn\runtime\1.0.118\runtime-1.0.118.jar;C:\Users\absamal\.m2\repository\org\apache\httpcomponents\httpcore\4.4.13\httpcore-4.4.13.jar;C:\Users\absamal\.m2\repository\commons-io\commons-io\2.6\commons-io-2.6.jar;C:\Users\absamal\.m2\repository\net\jodah\typetools\0.6.2\typetools-0.6.2.jar;C:\Users\absamal\.m2\repository\com\fnproject\fn\testing-junit4\1.0.118\testing-junit4-1.0.118.jar;C:\Users\absamal\.m2\repository\junit\junit\4.12\junit-4.12.jar;C:\Users\absamal\.m2\repository\org\hamcrest\hamcrest-core\1.3\hamcrest-core-1.3.jar;C:\Users\absamal\.m2\repository\com\fasterxml\jackson\core\jackson-databind\2.12.2\jackson-databind-2.12.2.jar;C:\Users\absamal\.m2\repository\com\fasterxml\jackson\core\jackson-annotations\2.12.2\jackson-annotations-2.12.2.jar;C:\Users\absamal\.m2\repository\com\fasterxml\jackson\core\jackson-core\2.12.2\jackson-core-2.12.2.jar;"/>
    <property name="sun.cpu.endian" value="little"/>
    <property name="user.home" value="C:\Users\absamal"/>
    <property name="user.language" value="en"/>
    <property name="java.specification.vendor" value="Oracle Corporation"/>
    <property name="java.home" value="D:\Utils\java\jdk1.8.0_281\jre"/>
    <property name="basedir" value="D:\Work\Abhilash\github\function-mysqlwrapper-fdk"/>
    <property name="file.separator" value="\"/>
    <property name="line.separator" value="&#10;"/>
    <property name="java.vm.specification.vendor" value="Oracle Corporation"/>
    <property name="java.specification.name" value="Java Platform API Specification"/>
    <property name="java.awt.graphicsenv" value="sun.awt.Win32GraphicsEnvironment"/>
    <property name="sun.boot.class.path" value="D:\Utils\java\jdk1.8.0_281\jre\lib\resources.jar;D:\Utils\java\jdk1.8.0_281\jre\lib\rt.jar;D:\Utils\java\jdk1.8.0_281\jre\lib\sunrsasign.jar;D:\Utils\java\jdk1.8.0_281\jre\lib\jsse.jar;D:\Utils\java\jdk1.8.0_281\jre\lib\jce.jar;D:\Utils\java\jdk1.8.0_281\jre\lib\charsets.jar;D:\Utils\java\jdk1.8.0_281\jre\lib\jfr.jar;D:\Utils\java\jdk1.8.0_281\jre\classes"/>
    <property name="user.script" value=""/>
    <property name="sun.management.compiler" value="HotSpot 64-Bit Tiered Compilers"/>
    <property name="java.runtime.version" value="1.8.0_281-b09"/>
    <property name="user.name" value="absamal"/>
    <property name="path.separator" value=";"/>
    <property name="os.version" value="10.0"/>
    <property name="java.endorsed.dirs" value="D:\Utils\java\jdk1.8.0_281\jre\lib\endorsed"/>
    <property name="java.runtime.name" value="Java(TM) SE Runtime Environment"/>
    <property name="file.encoding" value="Cp1252"/>
    <property name="java.vm.name" value="Java HotSpot(TM) 64-Bit Server VM"/>
    <property name="localRepository" value="C:\Users\absamal\.m2\repository"/>
    <property name="java.vendor.url.bug" value="http://bugreport.sun.com/bugreport/"/>
    <property name="java.io.tmpdir" value="C:\Users\absamal\AppData\Local\Temp\"/>
    <property name="java.version" value="1.8.0_281"/>
    <property name="user.dir" value="D:\Work\Abhilash\github\function-mysqlwrapper-fdk"/>
    <property name="os.arch" value="amd64"/>
    <property name="java.vm.specification.name" value="Java Virtual Machine Specification"/>
    <property name="java.awt.printerjob" value="sun.awt.windows.WPrinterJob"/>
    <property name="sun.os.patch.level" value=""/>
    <property name="java.library.path" value="D:\Utils\java\jdk1.8.0_281\jre\bin;C:\WINDOWS\Sun\Java\bin;C:\WINDOWS\system32;C:\WINDOWS;C:\Users\absamal\bin;C:\Program Files\Git\mingw64\bin;C:\Program Files\Git\usr\local\bin;C:\Program Files\Git\usr\bin;C:\Program Files\Git\usr\bin;C:\Program Files\Git\mingw64\bin;C:\Program Files\Git\usr\bin;C:\Users\absamal\bin;C:\WINDOWS\system32\config\systemprofile\AppData\Local\Programs\Python\Python39;C:\Program Files (x86)\Common Files\Oracle\Java\javapath;C:\Program Files (x86)\RBTools\bin;C:\WINDOWS\system32;C:\WINDOWS;C:\WINDOWS\System32\Wbem;C:\WINDOWS\System32\WindowsPowerShell\v1.0;C:\WINDOWS\System32\OpenSSH;C:\Program Files\dotnet;C:\Program Files\Microsoft SQL Server\130\Tools\Binn;D:\Work\Nov2018\Trunk_Testing\Hudson\Servers\mysql-commercial-8.0.14-winx64\bin;C:\Program Files (x86)\Sennheiser\SoftphoneSDK;C:\Program Files\Git\cmd;C:\Program Files\Kubernetes\Minikube;D:\Utils\pmd-bin-6.19.0\pmd-bin-6.19.0\bin;D:\Utils\apache-maven-3.6.3-bin\apache-maven-3.6.3\bin;C:\ProgramData\chocolatey\bin;C:\Program Files (x86)\Yarn\bin;C:\Program Files\Java\jdk1.8.0_231\bin;C:\Program Files\nodejs;D:\Utils\apache-ant-1.10.7-bin\apache-ant-1.10.7\bin;C:\Program Files\Intel\WiFi\bin;C:\Program Files\Common Files\Intel\WirelessCommon;C:\WINDOWS\system32;C:\WINDOWS;C:\WINDOWS\System32\Wbem;C:\WINDOWS\System32\WindowsPowerShell\v1.0;C:\WINDOWS\System32\OpenSSH;C:\Users\absamal\AppData\Roaming\Python\Python37\Scripts;C:\ProgramData\chocolatey\lib\gsudo\bin;D:\Utils\java\jdk1.8.0_281\bin;D:\Utils\java\jdk1.8.0_281\bin;C:\Program Files (x86)\Intel\Intel(R) Management Engine Components\DAL;C:\Program Files\Intel\Intel(R) Management Engine Components\DAL;C:\WINDOWS\system32\config\systemprofile\AppData\Local\Microsoft\WindowsApps;C:\WINDOWS\system32\config\systemprofile\AppData\Local\Programs\Python\Python39\Scripts;C:\Python27;C:\Python27\Scripts;D:\Utils\Python_3.8.5;D:\Utils\Python_3.8.5\Scripts;D:\Utils\java\jdk1.8.0_281;C:\Program Files\PuTTY;C:\Program Files (x86)\PuTTY;C:\Program Files\CMake\bin;C:\Users\absamal\bin;C:\Users\absamal\AppData\Local\Microsoft\WindowsApps;C:\Users\absamal\.dotnet\tools;C:\Program Files\OpenSSH;C:\Program Files\OpenSSL-Win64\bin;D:\Abhilash\IntelliJ\IntelliJ IDEA Community Edition 2019.2.3\bin;C:\Users\absamal\AppData\Local\Yarn\bin;C:\Users\absamal\AppData\Roaming\npm;D:\Utils\PyCharm Community Edition 2019.3.1\bin;C:\Program Files\Intel\WiFi\bin;C:\Program Files\Common Files\Intel\WirelessCommon;C:\Users\absamal\AppData\Local\Programs\Python\Python39;C:\Users\absamal\AppData\Local\Microsoft\WindowsApps;C:\Users\absamal\AppData\Local\GitHubDesktop\bin;C:\Program Files\Git\usr\bin\vendor_perl;C:\Program Files\Git\usr\bin\core_perl;D:\Work\Cloud_Testing\terraform_0.13.4_windows_amd64;D:\Work\Cloud_Testing\terraform_test;D:\Work\Cloud_Testing\terraform_test;D:\Work\Cloud_Testing\terraform_test;."/>
    <property name="java.vm.info" value="mixed mode"/>
    <property name="java.vendor" value="Oracle Corporation"/>
    <property name="java.vm.version" value="25.281-b09"/>
    <property name="java.ext.dirs" value="D:\Utils\java\jdk1.8.0_281\jre\lib\ext;C:\WINDOWS\Sun\Java\lib\ext"/>
    <property name="sun.io.unicode.encoding" value="UnicodeLittle"/>
    <property name="java.class.version" value="52.0"/>
  </properties>
  <testcase name="shouldReturnClientVersion" classname="com.test.fn.MySqlFunctionTest" time="5.457"/>
</testsuite>